  OtherFile.cpp
C:\Users\joyin\OneDrive\Desktop\C++ Projects\Project3\Project3\OtherFile.cpp(126,53): warning C4244: 'argument': conversion from 'int' to 'float', possible loss of data
C:\Users\joyin\OneDrive\Desktop\C++ Projects\Project3\Project3\OtherFile.cpp(126,47): warning C4244: 'argument': conversion from 'int' to 'float', possible loss of data
C:\Users\joyin\OneDrive\Desktop\C++ Projects\Project3\Project3\OtherFile.cpp(131,12): warning C4244: 'argument': conversion from 'time_t' to 'unsigned int', possible loss of data
C:\Users\joyin\OneDrive\Desktop\C++ Projects\Project3\Project3\OtherFile.cpp(132,29): warning C4018: '<': signed/unsigned mismatch
C:\Users\joyin\OneDrive\Desktop\C++ Projects\Project3\Project3\OtherFile.cpp(133,11): warning C4244: 'initializing': conversion from 'int' to 'float', possible loss of data
C:\Users\joyin\OneDrive\Desktop\C++ Projects\Project3\Project3\OtherFile.cpp(134,11): warning C4244: 'initializing': conversion from 'int' to 'float', possible loss of data
C:\Users\joyin\OneDrive\Desktop\C++ Projects\Project3\Project3\OtherFile.cpp(135,25): warning C4244: 'argument': conversion from 'float' to 'const unsigned __int64', possible loss of data
C:\Users\joyin\OneDrive\Desktop\C++ Projects\Project3\Project3\OtherFile.cpp(135,28): warning C4244: 'argument': conversion from 'float' to 'const unsigned __int64', possible loss of data
C:\Users\joyin\OneDrive\Desktop\C++ Projects\Project3\Project3\OtherFile.cpp(136,15): warning C4244: '=': conversion from 'int' to 'float', possible loss of data
C:\Users\joyin\OneDrive\Desktop\C++ Projects\Project3\Project3\OtherFile.cpp(137,15): warning C4244: '=': conversion from 'int' to 'float', possible loss of data
C:\Users\joyin\OneDrive\Desktop\C++ Projects\Project3\Project3\OtherFile.cpp(139,18): warning C4244: 'argument': conversion from 'float' to 'const unsigned __int64', possible loss of data
C:\Users\joyin\OneDrive\Desktop\C++ Projects\Project3\Project3\OtherFile.cpp(139,21): warning C4244: 'argument': conversion from 'float' to 'const unsigned __int64', possible loss of data
  main.cpp
C:\Users\joyin\OneDrive\Desktop\C++ Projects\Project3\Project3\main.cpp(246,46): warning C4244: 'argument': conversion from 'double' to 'float', possible loss of data
C:\Users\joyin\OneDrive\Desktop\C++ Projects\Project3\Project3\main.cpp(253,40): warning C4244: 'argument': conversion from 'int' to 'float', possible loss of data
C:\Users\joyin\OneDrive\Desktop\C++ Projects\Project3\Project3\main.cpp(263,39): warning C4244: 'argument': conversion from 'int' to 'float', possible loss of data
C:\Users\joyin\OneDrive\Desktop\C++ Projects\Project3\Project3\main.cpp(269,48): warning C4244: 'argument': conversion from 'int' to 'float', possible loss of data
C:\Users\joyin\OneDrive\Desktop\C++ Projects\Project3\Project3\main.cpp(293,39): warning C4244: 'argument': conversion from 'int' to 'float', possible loss of data
C:\Users\joyin\OneDrive\Desktop\C++ Projects\Project3\Project3\main.cpp(299,45): warning C4244: 'argument': conversion from 'int' to 'float', possible loss of data
C:\Users\joyin\OneDrive\Desktop\C++ Projects\Project3\Project3\main.cpp(305,39): warning C4244: 'argument': conversion from 'int' to 'float', possible loss of data
C:\Users\joyin\OneDrive\Desktop\C++ Projects\Project3\Project3\main.cpp(311,45): warning C4244: 'argument': conversion from 'int' to 'float', possible loss of data
C:\Users\joyin\OneDrive\Desktop\C++ Projects\Project3\Project3\main.cpp(359,14): warning C4244: 'initializing': conversion from 'float' to 'int', possible loss of data
C:\Users\joyin\OneDrive\Desktop\C++ Projects\Project3\Project3\main.cpp(376,57): warning C4244: 'argument': conversion from 'T' to 'T', possible loss of data
          with
          [
              T=int
          ]
          and
          [
              T=float
          ]
C:\Users\joyin\OneDrive\Desktop\C++ Projects\Project3\Project3\main.cpp(376,43): warning C4244: 'argument': conversion from 'T' to 'T', possible loss of data
          with
          [
              T=int
          ]
          and
          [
              T=float
          ]
C:\Users\joyin\OneDrive\Desktop\C++ Projects\Project3\Project3\main.cpp(403,59): warning C4244: 'argument': conversion from 'T' to 'T', possible loss of data
          with
          [
              T=int
          ]
          and
          [
              T=float
          ]
C:\Users\joyin\OneDrive\Desktop\C++ Projects\Project3\Project3\main.cpp(403,45): warning C4244: 'argument': conversion from 'T' to 'T', possible loss of data
          with
          [
              T=int
          ]
          and
          [
              T=float
          ]
C:\Users\joyin\OneDrive\Desktop\C++ Projects\Project3\Project3\main.cpp(407,55): warning C4244: 'argument': conversion from 'T' to 'T', possible loss of data
          with
          [
              T=int
          ]
          and
          [
              T=float
          ]
C:\Users\joyin\OneDrive\Desktop\C++ Projects\Project3\Project3\main.cpp(407,41): warning C4244: 'argument': conversion from 'T' to 'T', possible loss of data
          with
          [
              T=int
          ]
          and
          [
              T=float
          ]
C:\Users\joyin\OneDrive\Desktop\C++ Projects\Project3\Project3\main.cpp(412,56): warning C4244: 'argument': conversion from 'T' to 'T', possible loss of data
          with
          [
              T=int
          ]
          and
          [
              T=float
          ]
C:\Users\joyin\OneDrive\Desktop\C++ Projects\Project3\Project3\main.cpp(412,42): warning C4244: 'argument': conversion from 'T' to 'T', possible loss of data
          with
          [
              T=int
          ]
          and
          [
              T=float
          ]
C:\Users\joyin\OneDrive\Desktop\C++ Projects\Project3\Project3\main.cpp(428,58): warning C4244: 'argument': conversion from 'T' to 'T', possible loss of data
          with
          [
              T=int
          ]
          and
          [
              T=float
          ]
C:\Users\joyin\OneDrive\Desktop\C++ Projects\Project3\Project3\main.cpp(428,44): warning C4244: 'argument': conversion from 'T' to 'T', possible loss of data
          with
          [
              T=int
          ]
          and
          [
              T=float
          ]
C:\Users\joyin\OneDrive\Desktop\C++ Projects\Project3\Project3\main.cpp(440,58): warning C4244: 'argument': conversion from 'T' to 'T', possible loss of data
          with
          [
              T=int
          ]
          and
          [
              T=float
          ]
C:\Users\joyin\OneDrive\Desktop\C++ Projects\Project3\Project3\main.cpp(440,44): warning C4244: 'argument': conversion from 'T' to 'T', possible loss of data
          with
          [
              T=int
          ]
          and
          [
              T=float
          ]
  Generating Code...
  Project3.vcxproj -> C:\Users\joyin\OneDrive\Desktop\C++ Projects\Project3\x64\Debug\Project3.exe
